<?xml version="1.0" encoding="UTF-8"?>
<!-- Generated by org.testng.reporters.JUnitReportReporter -->
<testsuite skipped="2" hostname="Panyam-Win10" name="Com.Test.BlueBadge.Test.UserLoginPageTest" tests="3" failures="0" timestamp="13 Apr 2020 16:49:04 GMT" time="0.791" errors="0">
  <testcase name="verifyPageHeaderTest" time="0.791" classname="Com.Test.BlueBadge.Test.UserLoginPageTest"/>
  <testcase name="doLogin_InvalidDetails" classname="Com.Test.BlueBadge.Test.UserLoginPageTest">
    <skipped/>
  </testcase> <!-- doLogin_InvalidDetails -->
  <testcase name="doLoginTest" classname="Com.Test.BlueBadge.Test.UserLoginPageTest">
    <skipped/>
  </testcase> <!-- doLoginTest -->
</testsuite> <!-- Com.Test.BlueBadge.Test.UserLoginPageTest -->
