<?xml version="1.0" encoding="UTF-8"?>
<!-- Generated by org.testng.reporters.JUnitReportReporter -->
<testsuite skipped="0" hostname="Panyam-Win10" name="Com.Test.BlueBadge.Page.LoginPage" tests="1" failures="0" timestamp="08 Apr 2020 15:54:58 GMT" time="0.810" errors="0">
  <testcase name="verifyTheText" time="0.810" classname="Com.Test.BlueBadge.Page.LoginPage"/>
</testsuite> <!-- Com.Test.BlueBadge.Page.LoginPage -->
